<?xml version="1.0" encoding="UTF-8"?>
<coverage generated="1710241995455" clover="3.2.0">
  <project timestamp="1710241995455" name="All files">
    <metrics statements="49" coveredstatements="49" conditionals="5" coveredconditionals="5" methods="16" coveredmethods="16" elements="70" coveredelements="70" complexity="0" loc="49" ncloc="49" packages="1" files="3" classes="3"/>
    <file name="customer.ts" path="/Users/audreyalcantara/Documents/Sandboxing/videoStoreKataPP/VideoStore/src/customer.ts">
      <metrics statements="36" coveredstatements="36" conditionals="5" coveredconditionals="5" methods="10" coveredmethods="10"/>
      <line num="1" count="1" type="stmt"/>
      <line num="7" count="20" type="stmt"/>
      <line num="15" count="20" type="stmt"/>
      <line num="16" count="20" type="stmt"/>
      <line num="20" count="40" type="stmt"/>
      <line num="24" count="20" type="stmt"/>
      <line num="25" count="20" type="stmt"/>
      <line num="26" count="20" type="stmt"/>
      <line num="27" count="20" type="stmt"/>
      <line num="28" count="40" type="stmt"/>
      <line num="30" count="40" type="stmt"/>
      <line num="31" count="40" type="stmt"/>
      <line num="32" count="40" type="stmt"/>
      <line num="33" count="40" type="stmt"/>
      <line num="37" count="20" type="stmt"/>
      <line num="38" count="20" type="stmt"/>
      <line num="40" count="20" type="stmt"/>
      <line num="44" count="40" type="stmt"/>
      <line num="45" count="40" type="stmt"/>
      <line num="49" count="40" type="stmt"/>
      <line num="50" count="40" type="cond" truecount="3" falsecount="0"/>
      <line num="51" count="3" type="stmt"/>
      <line num="52" count="40" type="stmt"/>
      <line num="56" count="40" type="stmt"/>
      <line num="57" count="40" type="stmt"/>
      <line num="61" count="25" type="stmt"/>
      <line num="62" count="25" type="cond" truecount="1" falsecount="0"/>
      <line num="63" count="2" type="stmt"/>
      <line num="65" count="25" type="stmt"/>
      <line num="69" count="5" type="stmt"/>
      <line num="73" count="5" type="stmt"/>
      <line num="74" count="5" type="cond" truecount="1" falsecount="0"/>
      <line num="75" count="1" type="stmt"/>
      <line num="77" count="5" type="stmt"/>
      <line num="81" count="5" type="stmt"/>
      <line num="94" count="1" type="stmt"/>
    </file>
    <file name="movie.ts" path="/Users/audreyalcantara/Documents/Sandboxing/videoStoreKataPP/VideoStore/src/movie.ts">
      <metrics statements="8" coveredstatements="8" conditionals="0" coveredconditionals="0" methods="3" coveredmethods="3"/>
      <line num="6" count="40" type="stmt"/>
      <line num="7" count="40" type="stmt"/>
      <line num="11" count="80" type="stmt"/>
      <line num="15" count="40" type="stmt"/>
      <line num="19" count="1" type="stmt"/>
      <line num="20" count="1" type="stmt"/>
      <line num="21" count="1" type="stmt"/>
      <line num="23" count="1" type="stmt"/>
    </file>
    <file name="rental.ts" path="/Users/audreyalcantara/Documents/Sandboxing/videoStoreKataPP/VideoStore/src/rental.ts">
      <metrics statements="5" coveredstatements="5" conditionals="0" coveredconditionals="0" methods="3" coveredmethods="3"/>
      <line num="8" count="40" type="stmt"/>
      <line num="9" count="40" type="stmt"/>
      <line num="13" count="45" type="stmt"/>
      <line num="17" count="120" type="stmt"/>
      <line num="22" count="1" type="stmt"/>
    </file>
  </project>
</coverage>
