{"/Users/audreyalcantara/Documents/Sandboxing/videoStoreKataPP/VideoStore/src/customer.ts": {"path":"/Users/audreyalcantara/Documents/Sandboxing/videoStoreKataPP/VideoStore/src/customer.ts","statementMap":{"0":{"start":{"line":1,"column":0},"end":{"line":1,"column":74}},"1":{"start":{"line":7,"column":12},"end":{"line":12,"column":null}},"2":{"start":{"line":15,"column":6},"end":{"line":15,"column":23}},"3":{"start":{"line":16,"column":6},"end":{"line":16,"column":24}},"4":{"start":{"line":20,"column":4},"end":{"line":20,"column":30}},"5":{"start":{"line":24,"column":32},"end":{"line":24,"column":35}},"6":{"start":{"line":25,"column":41},"end":{"line":25,"column":42}},"7":{"start":{"line":26,"column":27},"end":{"line":26,"column":66}},"8":{"start":{"line":27,"column":6},"end":{"line":38,"column":null}},"9":{"start":{"line":28,"column":27},"end":{"line":28,"column":28}},"10":{"start":{"line":30,"column":6},"end":{"line":30,"column":46}},"11":{"start":{"line":31,"column":6},"end":{"line":31,"column":83}},"12":{"start":{"line":34,"column":10},"end":{"line":35,"column":36}},"13":{"start":{"line":36,"column":10},"end":{"line":36,"column":36}},"14":{"start":{"line":39,"column":6},"end":{"line":39,"column":55}},"15":{"start":{"line":40,"column":6},"end":{"line":41,"column":40}},"16":{"start":{"line":42,"column":6},"end":{"line":42,"column":20}},"17":{"start":{"line":46,"column":22},"end":{"line":46,"column":54}},"18":{"start":{"line":47,"column":4},"end":{"line":47,"column":66}},"19":{"start":{"line":51,"column":4},"end":{"line":51,"column":null}},"20":{"start":{"line":52,"column":4},"end":{"line":53,"column":59}},"21":{"start":{"line":53,"column":36},"end":{"line":53,"column":59}},"22":{"start":{"line":54,"column":4},"end":{"line":54,"column":32}},"23":{"start":{"line":65,"column":17},"end":{"line":65,"column":18}},"24":{"start":{"line":66,"column":4},"end":{"line":68,"column":null}},"25":{"start":{"line":67,"column":8},"end":{"line":67,"column":34}},"26":{"start":{"line":69,"column":4},"end":{"line":69,"column":18}},"27":{"start":{"line":73,"column":4},"end":{"line":73,"column":null}},"28":{"start":{"line":77,"column":17},"end":{"line":77,"column":20}},"29":{"start":{"line":78,"column":4},"end":{"line":80,"column":null}},"30":{"start":{"line":79,"column":4},"end":{"line":79,"column":31}},"31":{"start":{"line":81,"column":4},"end":{"line":81,"column":18}},"32":{"start":{"line":85,"column":4},"end":{"line":85,"column":null}},"33":{"start":{"line":90,"column":9},"end":{"line":90,"column":17}}},"fnMap":{"0":{"name":"(anonymous_0)","decl":{"start":{"line":14,"column":2},"end":{"line":14,"column":14}},"loc":{"start":{"line":14,"column":26},"end":{"line":17,"column":3}}},"1":{"name":"(anonymous_1)","decl":{"start":{"line":19,"column":2},"end":{"line":19,"column":11}},"loc":{"start":{"line":19,"column":26},"end":{"line":21,"column":3}}},"2":{"name":"(anonymous_2)","decl":{"start":{"line":23,"column":2},"end":{"line":23,"column":17}},"loc":{"start":{"line":23,"column":17},"end":{"line":43,"column":3}}},"3":{"name":"(anonymous_3)","decl":{"start":{"line":45,"column":10},"end":{"line":45,"column":23}},"loc":{"start":{"line":45,"column":38},"end":{"line":48,"column":3}}},"4":{"name":"(anonymous_4)","decl":{"start":{"line":50,"column":10},"end":{"line":50,"column":28}},"loc":{"start":{"line":50,"column":73},"end":{"line":55,"column":3}}},"5":{"name":"(anonymous_5)","decl":{"start":{"line":57,"column":10},"end":{"line":57,"column":23}},"loc":{"start":{"line":57,"column":125},"end":{"line":62,"column":3}}},"6":{"name":"(anonymous_6)","decl":{"start":{"line":64,"column":10},"end":{"line":64,"column":22}},"loc":{"start":{"line":64,"column":35},"end":{"line":70,"column":1}}},"7":{"name":"(anonymous_7)","decl":{"start":{"line":72,"column":8},"end":{"line":72,"column":23}},"loc":{"start":{"line":72,"column":36},"end":{"line":74,"column":1}}},"8":{"name":"(anonymous_8)","decl":{"start":{"line":76,"column":8},"end":{"line":76,"column":22}},"loc":{"start":{"line":76,"column":35},"end":{"line":82,"column":1}}},"9":{"name":"(anonymous_9)","decl":{"start":{"line":84,"column":8},"end":{"line":84,"column":22}},"loc":{"start":{"line":84,"column":35},"end":{"line":86,"column":1}}}},"branchMap":{"0":{"loc":{"start":{"line":52,"column":4},"end":{"line":53,"column":59}},"type":"if","locations":[{"start":{"line":52,"column":4},"end":{"line":53,"column":59}}]},"1":{"loc":{"start":{"line":52,"column":8},"end":{"line":53,"column":34}},"type":"binary-expr","locations":[{"start":{"line":52,"column":9},"end":{"line":52,"column":62}},{"start":{"line":53,"column":8},"end":{"line":53,"column":34}}]},"2":{"loc":{"start":{"line":66,"column":4},"end":{"line":68,"column":null}},"type":"if","locations":[{"start":{"line":66,"column":4},"end":{"line":68,"column":null}}]},"3":{"loc":{"start":{"line":78,"column":4},"end":{"line":80,"column":null}},"type":"if","locations":[{"start":{"line":78,"column":4},"end":{"line":80,"column":null}}]}},"s":{"0":1,"1":20,"2":20,"3":20,"4":40,"5":20,"6":20,"7":20,"8":20,"9":40,"10":40,"11":40,"12":40,"13":40,"14":20,"15":20,"16":20,"17":40,"18":40,"19":40,"20":40,"21":3,"22":40,"23":25,"24":25,"25":2,"26":25,"27":5,"28":5,"29":5,"30":1,"31":5,"32":5,"33":1},"f":{"0":20,"1":40,"2":20,"3":40,"4":40,"5":0,"6":25,"7":5,"8":5,"9":5},"b":{"0":[3],"1":[40,5],"2":[2],"3":[1]}}
,"/Users/audreyalcantara/Documents/Sandboxing/videoStoreKataPP/VideoStore/src/movie.ts": {"path":"/Users/audreyalcantara/Documents/Sandboxing/videoStoreKataPP/VideoStore/src/movie.ts","statementMap":{"0":{"start":{"line":6,"column":4},"end":{"line":6,"column":23}},"1":{"start":{"line":7,"column":4},"end":{"line":7,"column":31}},"2":{"start":{"line":11,"column":4},"end":{"line":11,"column":26}},"3":{"start":{"line":15,"column":4},"end":{"line":15,"column":22}},"4":{"start":{"line":23,"column":8},"end":{"line":23,"column":13}},"5":{"start":{"line":19,"column":24},"end":{"line":19,"column":25}},"6":{"start":{"line":23,"column":15},"end":{"line":23,"column":30}},"7":{"start":{"line":20,"column":22},"end":{"line":20,"column":23}},"8":{"start":{"line":23,"column":32},"end":{"line":23,"column":45}},"9":{"start":{"line":21,"column":26},"end":{"line":21,"column":27}},"10":{"start":{"line":23,"column":47},"end":{"line":23,"column":64}}},"fnMap":{"0":{"name":"(anonymous_0)","decl":{"start":{"line":5,"column":2},"end":{"line":5,"column":14}},"loc":{"start":{"line":5,"column":46},"end":{"line":8,"column":3}}},"1":{"name":"(anonymous_1)","decl":{"start":{"line":10,"column":2},"end":{"line":10,"column":14}},"loc":{"start":{"line":10,"column":14},"end":{"line":12,"column":3}}},"2":{"name":"(anonymous_2)","decl":{"start":{"line":14,"column":2},"end":{"line":14,"column":10}},"loc":{"start":{"line":14,"column":10},"end":{"line":16,"column":3}}}},"branchMap":{},"s":{"0":40,"1":40,"2":80,"3":40,"4":1,"5":1,"6":1,"7":1,"8":1,"9":1,"10":1},"f":{"0":40,"1":80,"2":40},"b":{}}
,"/Users/audreyalcantara/Documents/Sandboxing/videoStoreKataPP/VideoStore/src/rental.ts": {"path":"/Users/audreyalcantara/Documents/Sandboxing/videoStoreKataPP/VideoStore/src/rental.ts","statementMap":{"0":{"start":{"line":8,"column":6},"end":{"line":8,"column":25}},"1":{"start":{"line":9,"column":6},"end":{"line":9,"column":35}},"2":{"start":{"line":13,"column":6},"end":{"line":13,"column":29}},"3":{"start":{"line":17,"column":6},"end":{"line":17,"column":24}},"4":{"start":{"line":22,"column":9},"end":{"line":22,"column":15}}},"fnMap":{"0":{"name":"(anonymous_0)","decl":{"start":{"line":7,"column":2},"end":{"line":7,"column":14}},"loc":{"start":{"line":7,"column":46},"end":{"line":10,"column":3}}},"1":{"name":"(anonymous_1)","decl":{"start":{"line":12,"column":2},"end":{"line":12,"column":15}},"loc":{"start":{"line":12,"column":15},"end":{"line":14,"column":3}}},"2":{"name":"(anonymous_2)","decl":{"start":{"line":16,"column":2},"end":{"line":16,"column":10}},"loc":{"start":{"line":16,"column":10},"end":{"line":18,"column":3}}}},"branchMap":{},"s":{"0":40,"1":40,"2":45,"3":120,"4":1},"f":{"0":40,"1":45,"2":120},"b":{}}
}
