TN:
SF:src/customer.ts
FN:14,(anonymous_0)
FN:19,(anonymous_1)
FN:23,(anonymous_2)
FN:45,(anonymous_3)
FN:50,(anonymous_4)
FN:57,(anonymous_5)
FN:64,(anonymous_6)
FN:72,(anonymous_7)
FN:76,(anonymous_8)
FN:84,(anonymous_9)
FNF:10
FNH:9
FNDA:20,(anonymous_0)
FNDA:40,(anonymous_1)
FNDA:20,(anonymous_2)
FNDA:40,(anonymous_3)
FNDA:40,(anonymous_4)
FNDA:0,(anonymous_5)
FNDA:25,(anonymous_6)
FNDA:5,(anonymous_7)
FNDA:5,(anonymous_8)
FNDA:5,(anonymous_9)
DA:1,1
DA:7,20
DA:15,20
DA:16,20
DA:20,40
DA:24,20
DA:25,20
DA:26,20
DA:27,20
DA:28,40
DA:30,40
DA:31,40
DA:34,40
DA:36,40
DA:39,20
DA:40,20
DA:42,20
DA:46,40
DA:47,40
DA:51,40
DA:52,40
DA:53,3
DA:54,40
DA:65,25
DA:66,25
DA:67,2
DA:69,25
DA:73,5
DA:77,5
DA:78,5
DA:79,1
DA:81,5
DA:85,5
DA:90,1
LF:34
LH:34
BRDA:52,0,0,3
BRDA:52,1,0,40
BRDA:52,1,1,5
BRDA:66,2,0,2
BRDA:78,3,0,1
BRF:5
BRH:5
end_of_record
TN:
SF:src/movie.ts
FN:5,(anonymous_0)
FN:10,(anonymous_1)
FN:14,(anonymous_2)
FNF:3
FNH:3
FNDA:40,(anonymous_0)
FNDA:80,(anonymous_1)
FNDA:40,(anonymous_2)
DA:6,40
DA:7,40
DA:11,80
DA:15,40
DA:19,1
DA:20,1
DA:21,1
DA:23,1
LF:8
LH:8
BRF:0
BRH:0
end_of_record
TN:
SF:src/rental.ts
FN:7,(anonymous_0)
FN:12,(anonymous_1)
FN:16,(anonymous_2)
FNF:3
FNH:3
FNDA:40,(anonymous_0)
FNDA:45,(anonymous_1)
FNDA:120,(anonymous_2)
DA:8,40
DA:9,40
DA:13,45
DA:17,120
DA:22,1
LF:5
LH:5
BRF:0
BRH:0
end_of_record
