TN:
SF:src/customer.ts
FN:14,(anonymous_0)
FN:19,(anonymous_1)
FN:23,(anonymous_2)
FN:43,(anonymous_3)
FN:48,(anonymous_4)
FN:55,(anonymous_5)
FN:60,(anonymous_6)
FN:68,(anonymous_7)
FN:72,(anonymous_8)
FN:80,(anonymous_9)
FNF:10
FNH:10
FNDA:20,(anonymous_0)
FNDA:40,(anonymous_1)
FNDA:20,(anonymous_2)
FNDA:40,(anonymous_3)
FNDA:40,(anonymous_4)
FNDA:40,(anonymous_5)
FNDA:25,(anonymous_6)
FNDA:5,(anonymous_7)
FNDA:5,(anonymous_8)
FNDA:5,(anonymous_9)
DA:1,1
DA:7,20
DA:15,20
DA:16,20
DA:20,40
DA:24,20
DA:25,20
DA:26,20
DA:27,20
DA:28,40
DA:30,40
DA:31,40
DA:32,40
DA:33,40
DA:37,20
DA:38,20
DA:40,20
DA:44,40
DA:45,40
DA:49,40
DA:50,40
DA:51,3
DA:52,40
DA:56,40
DA:57,40
DA:61,25
DA:62,25
DA:63,2
DA:65,25
DA:69,5
DA:73,5
DA:74,5
DA:75,1
DA:77,5
DA:81,5
DA:94,1
LF:36
LH:36
BRDA:50,0,0,3
BRDA:50,1,0,40
BRDA:50,1,1,5
BRDA:62,2,0,2
BRDA:74,3,0,1
BRF:5
BRH:5
end_of_record
TN:
SF:src/movie.ts
FN:5,(anonymous_0)
FN:10,(anonymous_1)
FN:14,(anonymous_2)
FNF:3
FNH:3
FNDA:40,(anonymous_0)
FNDA:80,(anonymous_1)
FNDA:40,(anonymous_2)
DA:6,40
DA:7,40
DA:11,80
DA:15,40
DA:19,1
DA:20,1
DA:21,1
DA:23,1
LF:8
LH:8
BRF:0
BRH:0
end_of_record
TN:
SF:src/rental.ts
FN:7,(anonymous_0)
FN:12,(anonymous_1)
FN:16,(anonymous_2)
FNF:3
FNH:3
FNDA:40,(anonymous_0)
FNDA:45,(anonymous_1)
FNDA:120,(anonymous_2)
DA:8,40
DA:9,40
DA:13,45
DA:17,120
DA:22,1
LF:5
LH:5
BRF:0
BRH:0
end_of_record
